Starting the task...
Tue Jul 29 20:42:54 WAT 2025
Listing your home directory files:
Analytical
Analyticalthinker
Git-prject
Git-project
Gitwork
Pjt
Teucesopen-training
Tosyn.txt
backup.log
dejavu
favor
git-pro
git-project
grace-favor
linux-notes
linux-practice
mayem
mynote.txt
mytasks
project-one
project.log
project.sh
projects
snap
snap.zip
stuff
test-repo
teuces
teuces-training
teucesopen-training.txt
thinker
vim-practice
wisdom
Task completedListing your home directory files:
Analytical
Analyticalthinker
Git-prject
Git-project
Gitwork
Pjt
Teucesopen-training
Tosyn.txt
backup.log
dejavu
favor
git-pro
git-project
grace-favor
linux-notes
linux-practice
mayem
mynote.txt
mytasks
project-one
project.log
project.sh
projects
snap
snap.zip
stuff
test-repo
teuces
teuces-training
teucesopen-training.txt
thinker
vim-practice
wisdom
Task completed.
